<?xml version="1.0" encoding="UTF-8"?>
<!-- Generated by org.testng.reporters.JUnitReportReporter -->
<testsuite skipped="0" hostname="DESKTOP-HNIQM5K" name="com.psl.Practice.AdminPassword" tests="3" failures="0" timestamp="2021-09-13T16:41:01 IST" time="4.835" errors="0">
  <testcase name="changePasswordOne" time="1.767" classname="com.psl.Practice.AdminPassword"/>
  <system-out/>
  <testcase name="changePasswordTwo" time="2.180" classname="com.psl.Practice.AdminPassword"/>
  <system-out/>
  <testcase name="changePasswordThree" time="0.888" classname="com.psl.Practice.AdminPassword"/>
  <system-out/>
</testsuite> <!-- com.psl.Practice.AdminPassword -->
