<?xml version="1.0" encoding="UTF-8"?>
<!-- Generated by org.testng.reporters.JUnitReportReporter -->
<testsuite skipped="0" hostname="DESKTOP-HNIQM5K" name="com.psl.Practice.Signup" tests="2" failures="0" timestamp="2021-09-19T11:46:13 IST" time="3.046" errors="0">
  <testcase name="signupTest" time="1.229" classname="com.psl.Practice.Signup"/>
  <system-out/>
  <testcase name="signupTest" time="1.817" classname="com.psl.Practice.Signup"/>
  <system-out/>
</testsuite> <!-- com.psl.Practice.Signup -->
