<?xml version="1.0" encoding="UTF-8"?>
<!-- Generated by org.testng.reporters.JUnitReportReporter -->
<testsuite skipped="0" hostname="DESKTOP-HNIQM5K" name="utilites.ExcelDataProvider" tests="2" failures="0" timestamp="2021-09-19T11:44:00 IST" time="0.011" errors="0">
  <testcase name="test" time="0.006" classname="utilites.ExcelDataProvider"/>
  <system-out/>
  <testcase name="test" time="0.005" classname="utilites.ExcelDataProvider"/>
  <system-out/>
</testsuite> <!-- utilites.ExcelDataProvider -->
