<?xml version="1.0" encoding="UTF-8"?>
<!-- Generated by org.testng.reporters.JUnitReportReporter -->
<testsuite skipped="0" hostname="DESKTOP-HNIQM5K" name="com.psl.Practice.AdminLogin" tests="2" failures="0" timestamp="2021-09-18T16:29:30 IST" time="3.528" errors="0">
  <testcase name="adminLogin" time="1.510" classname="com.psl.Practice.AdminLogin"/>
  <system-out/>
  <testcase name="logout" time="2.018" classname="com.psl.Practice.AdminLogin"/>
  <system-out/>
</testsuite> <!-- com.psl.Practice.AdminLogin -->
